0 info it worked if it ends with ok
1 verbose cli [ '/usr/local/Cellar/node/5.9.1/bin/node',
1 verbose cli   '/usr/local/bin/npm',
1 verbose cli   'run',
1 verbose cli   'begin-server' ]
2 info using npm@3.7.3
3 info using node@v5.9.1
4 verbose run-script [ 'prebegin-server', 'begin-server', 'postbegin-server' ]
5 info lifecycle nangua@1.0.0~prebegin-server: nangua@1.0.0
6 silly lifecycle nangua@1.0.0~prebegin-server: no script for prebegin-server, continuing
7 info lifecycle nangua@1.0.0~begin-server: nangua@1.0.0
8 verbose lifecycle nangua@1.0.0~begin-server: unsafe-perm in lifecycle true
9 verbose lifecycle nangua@1.0.0~begin-server: PATH: /usr/local/lib/node_modules/npm/bin/node-gyp-bin:/Users/nangua/Documents/my/studyAngularjs/node_modules/.bin:/usr/local/Cellar/node/5.9.1/bin:/usr/local/bin:/usr/bin:/bin:/usr/sbin:/sbin
10 verbose lifecycle nangua@1.0.0~begin-server: CWD: /Users/nangua/Documents/my/studyAngularjs
11 silly lifecycle nangua@1.0.0~begin-server: Args: [ '-c', 'node node-http.js' ]
12 silly lifecycle nangua@1.0.0~begin-server: Returned: code: 1  signal: null
13 info lifecycle nangua@1.0.0~begin-server: Failed to exec begin-server script
14 verbose stack Error: nangua@1.0.0 begin-server: `node node-http.js`
14 verbose stack Exit status 1
14 verbose stack     at EventEmitter.<anonymous> (/usr/local/lib/node_modules/npm/lib/utils/lifecycle.js:239:16)
14 verbose stack     at emitTwo (events.js:100:13)
14 verbose stack     at EventEmitter.emit (events.js:185:7)
14 verbose stack     at ChildProcess.<anonymous> (/usr/local/lib/node_modules/npm/lib/utils/spawn.js:24:14)
14 verbose stack     at emitTwo (events.js:100:13)
14 verbose stack     at ChildProcess.emit (events.js:185:7)
14 verbose stack     at maybeClose (internal/child_process.js:850:16)
14 verbose stack     at Process.ChildProcess._handle.onexit (internal/child_process.js:215:5)
15 verbose pkgid nangua@1.0.0
16 verbose cwd /Users/nangua/Documents/my/studyAngularjs
17 error Darwin 15.0.0
18 error argv "/usr/local/Cellar/node/5.9.1/bin/node" "/usr/local/bin/npm" "run" "begin-server"
19 error node v5.9.1
20 error npm  v3.7.3
21 error code ELIFECYCLE
22 error nangua@1.0.0 begin-server: `node node-http.js`
22 error Exit status 1
23 error Failed at the nangua@1.0.0 begin-server script 'node node-http.js'.
23 error Make sure you have the latest version of node.js and npm installed.
23 error If you do, this is most likely a problem with the nangua package,
23 error not with npm itself.
23 error Tell the author that this fails on your system:
23 error     node node-http.js
23 error You can get information on how to open an issue for this project with:
23 error     npm bugs nangua
23 error Or if that isn't available, you can get their info via:
23 error     npm owner ls nangua
23 error There is likely additional logging output above.
24 verbose exit [ 1, true ]
